{"/home/runner/work/serverRestApiPerformance/serverRestApiPerformance/environment/stg.js": {"path":"/home/runner/work/serverRestApiPerformance/serverRestApiPerformance/environment/stg.js","statementMap":{"0":{"start":{"line":1,"column":23},"end":{"line":1,"column":46}},"1":{"start":{"line":2,"column":22},"end":{"line":2,"column":37}},"2":{"start":{"line":3,"column":28},"end":{"line":3,"column":39}}},"fnMap":{},"branchMap":{},"s":{"0":2,"1":2,"2":2},"f":{},"b":{},"_coverageSchema":"1a1c01bbd47fc00a2c39e90264f33305004495a9","hash":"8d49aba0d82df94784b038c05bfb9b30bc3fecc2"}
,"/home/runner/work/serverRestApiPerformance/serverRestApiPerformance/helpers/utils/index.js": {"path":"/home/runner/work/serverRestApiPerformance/serverRestApiPerformance/helpers/utils/index.js","statementMap":{},"fnMap":{},"branchMap":{},"s":{},"f":{},"b":{},"_coverageSchema":"1a1c01bbd47fc00a2c39e90264f33305004495a9","hash":"e58bbb7165fe52cbf0bfd4cf7fdfd142859c4c42"}
,"/home/runner/work/serverRestApiPerformance/serverRestApiPerformance/helpers/utils/logs.js": {"path":"/home/runner/work/serverRestApiPerformance/serverRestApiPerformance/helpers/utils/logs.js","statementMap":{"0":{"start":{"line":1,"column":11},"end":{"line":1,"column":26}},"1":{"start":{"line":2,"column":11},"end":{"line":2,"column":22}},"2":{"start":{"line":3,"column":11},"end":{"line":3,"column":24}},"3":{"start":{"line":6,"column":2},"end":{"line":10,"column":4}}},"fnMap":{"0":{"name":"checkDataNull","decl":{"start":{"line":5,"column":16},"end":{"line":5,"column":29}},"loc":{"start":{"line":5,"column":56},"end":{"line":11,"column":1}},"line":5}},"branchMap":{},"s":{"0":2,"1":2,"2":2,"3":0},"f":{"0":0},"b":{},"_coverageSchema":"1a1c01bbd47fc00a2c39e90264f33305004495a9","hash":"2d46b4f13b932c66f21b7ff37d8f22bb57600df7"}
,"/home/runner/work/serverRestApiPerformance/serverRestApiPerformance/helpers/utils/random.js": {"path":"/home/runner/work/serverRestApiPerformance/serverRestApiPerformance/helpers/utils/random.js","statementMap":{"0":{"start":{"line":2,"column":2},"end":{"line":2,"column":53}},"1":{"start":{"line":6,"column":17},"end":{"line":6,"column":51}},"2":{"start":{"line":7,"column":2},"end":{"line":7,"column":25}}},"fnMap":{"0":{"name":"getRandomNumber","decl":{"start":{"line":1,"column":16},"end":{"line":1,"column":31}},"loc":{"start":{"line":1,"column":42},"end":{"line":3,"column":1}},"line":1},"1":{"name":"getObjectList","decl":{"start":{"line":5,"column":16},"end":{"line":5,"column":29}},"loc":{"start":{"line":5,"column":39},"end":{"line":8,"column":1}},"line":5}},"branchMap":{},"s":{"0":1,"1":0,"2":0},"f":{"0":1,"1":0},"b":{},"_coverageSchema":"1a1c01bbd47fc00a2c39e90264f33305004495a9","hash":"b6a82e01f27ecf0dec998f4fc6412f9bbf1b5e2a"}
,"/home/runner/work/serverRestApiPerformance/serverRestApiPerformance/helpers/utils/request.js": {"path":"/home/runner/work/serverRestApiPerformance/serverRestApiPerformance/helpers/utils/request.js","statementMap":{"0":{"start":{"line":5,"column":19},"end":{"line":8,"column":16}},"1":{"start":{"line":9,"column":2},"end":{"line":9,"column":18}},"2":{"start":{"line":13,"column":19},"end":{"line":18,"column":16}},"3":{"start":{"line":19,"column":2},"end":{"line":19,"column":23}}},"fnMap":{"0":{"name":"requestGetAPI","decl":{"start":{"line":4,"column":22},"end":{"line":4,"column":35}},"loc":{"start":{"line":4,"column":42},"end":{"line":10,"column":1}},"line":4},"1":{"name":"requestPostAPI","decl":{"start":{"line":12,"column":22},"end":{"line":12,"column":36}},"loc":{"start":{"line":12,"column":52},"end":{"line":20,"column":1}},"line":12}},"branchMap":{},"s":{"0":3,"1":3,"2":0,"3":0},"f":{"0":3,"1":0},"b":{},"_coverageSchema":"1a1c01bbd47fc00a2c39e90264f33305004495a9","hash":"e6117caff5f975891cef8a42f0761702447f3c9e"}
,"/home/runner/work/serverRestApiPerformance/serverRestApiPerformance/helpers/utils/schemaValidator.js": {"path":"/home/runner/work/serverRestApiPerformance/serverRestApiPerformance/helpers/utils/schemaValidator.js","statementMap":{"0":{"start":{"line":1,"column":16},"end":{"line":1,"column":47}},"1":{"start":{"line":2,"column":8},"end":{"line":2,"column":23}},"2":{"start":{"line":3,"column":11},"end":{"line":3,"column":26}},"3":{"start":{"line":4,"column":11},"end":{"line":4,"column":22}},"4":{"start":{"line":7,"column":14},"end":{"line":7,"column":42}},"5":{"start":{"line":8,"column":2},"end":{"line":14,"column":15}}},"fnMap":{"0":{"name":"schemaValidator","decl":{"start":{"line":6,"column":16},"end":{"line":6,"column":31}},"loc":{"start":{"line":6,"column":50},"end":{"line":15,"column":1}},"line":6}},"branchMap":{},"s":{"0":2,"1":2,"2":2,"3":2,"4":2,"5":2},"f":{"0":2},"b":{},"_coverageSchema":"1a1c01bbd47fc00a2c39e90264f33305004495a9","hash":"bc30634c54552eb7a77a5963f5f97ad71b039bf0"}
}
