TN:
SF:environment/stg.js
FNF:0
FNH:0
DA:1,2
DA:2,2
DA:3,2
LF:3
LH:3
BRF:0
BRH:0
end_of_record
TN:
SF:helpers/utils/index.js
FNF:0
FNH:0
LF:0
LH:0
BRF:0
BRH:0
end_of_record
TN:
SF:helpers/utils/logs.js
FN:5,checkDataNull
FNF:1
FNH:0
FNDA:0,checkDataNull
DA:1,2
DA:2,2
DA:3,2
DA:6,0
LF:4
LH:3
BRF:0
BRH:0
end_of_record
TN:
SF:helpers/utils/random.js
FN:1,getRandomNumber
FN:5,getObjectList
FNF:2
FNH:1
FNDA:1,getRandomNumber
FNDA:0,getObjectList
DA:2,1
DA:6,0
DA:7,0
LF:3
LH:1
BRF:0
BRH:0
end_of_record
TN:
SF:helpers/utils/request.js
FN:4,requestGetAPI
FN:12,requestPostAPI
FNF:2
FNH:1
FNDA:3,requestGetAPI
FNDA:0,requestPostAPI
DA:5,3
DA:9,3
DA:13,0
DA:19,0
LF:4
LH:2
BRF:0
BRH:0
end_of_record
TN:
SF:helpers/utils/schemaValidator.js
FN:6,schemaValidator
FNF:1
FNH:1
FNDA:2,schemaValidator
DA:1,2
DA:2,2
DA:3,2
DA:4,2
DA:7,2
DA:8,2
LF:6
LH:6
BRF:0
BRH:0
end_of_record
